[17365] 2013-11-18 14:07:53, 216 ms - [32minfo[39m: Starting joola.io Engine, version 3.2.7...
ERR1
FATAL EXCEPTION: Failed to load configuration file: ./config/joola.io.engine.server.json
Error: Failed to load configuration file: ./config/joola.io.engine.server.json
    at joola.config.add.callback (/home/orw/dev/joola.io.example/node_modules/joola.io/node_modules/joola.io.engine/joola.io.engine.js:67:23)
    at IncomingMessage.<anonymous> (/home/orw/dev/joola.io.example/node_modules/joola.io/node_modules/joola.io.engine/node_modules/nconf-http/lib/nconf-http.js:73:23)
    at IncomingMessage.EventEmitter.emit (events.js:117:20)
    at _stream_readable.js:920:16
    at process._tickCallback (node.js:415:13)
[17424] 2013-11-18 14:07:54, 209 ms - [32minfo[39m: Starting joola.io Engine, version 3.2.7...
ERR1
FATAL EXCEPTION: Failed to load configuration file: ./config/joola.io.engine.server.json
Error: Failed to load configuration file: ./config/joola.io.engine.server.json
    at joola.config.add.callback (/home/orw/dev/joola.io.example/node_modules/joola.io/node_modules/joola.io.engine/joola.io.engine.js:67:23)
    at IncomingMessage.<anonymous> (/home/orw/dev/joola.io.example/node_modules/joola.io/node_modules/joola.io.engine/node_modules/nconf-http/lib/nconf-http.js:73:23)
    at IncomingMessage.EventEmitter.emit (events.js:117:20)
    at _stream_readable.js:920:16
    at process._tickCallback (node.js:415:13)
[17459] 2013-11-18 14:07:54, 218 ms - [32minfo[39m: Starting joola.io Engine, version 3.2.7...
ERR1
FATAL EXCEPTION: Failed to load configuration file: ./config/joola.io.engine.server.json
Error: Failed to load configuration file: ./config/joola.io.engine.server.json
    at joola.config.add.callback (/home/orw/dev/joola.io.example/node_modules/joola.io/node_modules/joola.io.engine/joola.io.engine.js:67:23)
    at IncomingMessage.<anonymous> (/home/orw/dev/joola.io.example/node_modules/joola.io/node_modules/joola.io.engine/node_modules/nconf-http/lib/nconf-http.js:73:23)
    at IncomingMessage.EventEmitter.emit (events.js:117:20)
    at _stream_readable.js:920:16
    at process._tickCallback (node.js:415:13)
[17557] 2013-11-18 14:07:55, 210 ms - [32minfo[39m: Starting joola.io Engine, version 3.2.7...
ERR1
FATAL EXCEPTION: Failed to load configuration file: ./config/joola.io.engine.server.json
Error: Failed to load configuration file: ./config/joola.io.engine.server.json
    at joola.config.add.callback (/home/orw/dev/joola.io.example/node_modules/joola.io/node_modules/joola.io.engine/joola.io.engine.js:67:23)
    at IncomingMessage.<anonymous> (/home/orw/dev/joola.io.example/node_modules/joola.io/node_modules/joola.io.engine/node_modules/nconf-http/lib/nconf-http.js:73:23)
    at IncomingMessage.EventEmitter.emit (events.js:117:20)
    at _stream_readable.js:920:16
    at process._tickCallback (node.js:415:13)
[17618] 2013-11-18 14:07:55, 213 ms - [32minfo[39m: Starting joola.io Engine, version 3.2.7...
ERR1
FATAL EXCEPTION: Failed to load configuration file: ./config/joola.io.engine.server.json
Error: Failed to load configuration file: ./config/joola.io.engine.server.json
    at joola.config.add.callback (/home/orw/dev/joola.io.example/node_modules/joola.io/node_modules/joola.io.engine/joola.io.engine.js:67:23)
    at IncomingMessage.<anonymous> (/home/orw/dev/joola.io.example/node_modules/joola.io/node_modules/joola.io.engine/node_modules/nconf-http/lib/nconf-http.js:73:23)
    at IncomingMessage.EventEmitter.emit (events.js:117:20)
    at _stream_readable.js:920:16
    at process._tickCallback (node.js:415:13)
[17694] 2013-11-18 14:07:55, 206 ms - [32minfo[39m: Starting joola.io Engine, version 3.2.7...
ERR1
FATAL EXCEPTION: Failed to load configuration file: ./config/joola.io.engine.server.json
Error: Failed to load configuration file: ./config/joola.io.engine.server.json
    at joola.config.add.callback (/home/orw/dev/joola.io.example/node_modules/joola.io/node_modules/joola.io.engine/joola.io.engine.js:67:23)
    at IncomingMessage.<anonymous> (/home/orw/dev/joola.io.example/node_modules/joola.io/node_modules/joola.io.engine/node_modules/nconf-http/lib/nconf-http.js:73:23)
    at IncomingMessage.EventEmitter.emit (events.js:117:20)
    at _stream_readable.js:920:16
    at process._tickCallback (node.js:415:13)
[17748] 2013-11-18 14:07:56, 206 ms - [32minfo[39m: Starting joola.io Engine, version 3.2.7...
ERR1
FATAL EXCEPTION: Failed to load configuration file: ./config/joola.io.engine.server.json
Error: Failed to load configuration file: ./config/joola.io.engine.server.json
    at joola.config.add.callback (/home/orw/dev/joola.io.example/node_modules/joola.io/node_modules/joola.io.engine/joola.io.engine.js:67:23)
    at IncomingMessage.<anonymous> (/home/orw/dev/joola.io.example/node_modules/joola.io/node_modules/joola.io.engine/node_modules/nconf-http/lib/nconf-http.js:73:23)
    at IncomingMessage.EventEmitter.emit (events.js:117:20)
    at _stream_readable.js:920:16
    at process._tickCallback (node.js:415:13)
[17825] 2013-11-18 14:07:56, 212 ms - [32minfo[39m: Starting joola.io Engine, version 3.2.7...
ERR1
FATAL EXCEPTION: Failed to load configuration file: ./config/joola.io.engine.server.json
Error: Failed to load configuration file: ./config/joola.io.engine.server.json
    at joola.config.add.callback (/home/orw/dev/joola.io.example/node_modules/joola.io/node_modules/joola.io.engine/joola.io.engine.js:67:23)
    at IncomingMessage.<anonymous> (/home/orw/dev/joola.io.example/node_modules/joola.io/node_modules/joola.io.engine/node_modules/nconf-http/lib/nconf-http.js:73:23)
    at IncomingMessage.EventEmitter.emit (events.js:117:20)
    at _stream_readable.js:920:16
    at process._tickCallback (node.js:415:13)
[17880] 2013-11-18 14:07:57, 219 ms - [32minfo[39m: Starting joola.io Engine, version 3.2.7...
ERR1
FATAL EXCEPTION: Failed to load configuration file: ./config/joola.io.engine.server.json
Error: Failed to load configuration file: ./config/joola.io.engine.server.json
    at joola.config.add.callback (/home/orw/dev/joola.io.example/node_modules/joola.io/node_modules/joola.io.engine/joola.io.engine.js:67:23)
    at IncomingMessage.<anonymous> (/home/orw/dev/joola.io.example/node_modules/joola.io/node_modules/joola.io.engine/node_modules/nconf-http/lib/nconf-http.js:73:23)
    at IncomingMessage.EventEmitter.emit (events.js:117:20)
    at _stream_readable.js:920:16
    at process._tickCallback (node.js:415:13)
[17953] 2013-11-18 14:07:57, 225 ms - [32minfo[39m: Starting joola.io Engine, version 3.2.7...
ERR1
FATAL EXCEPTION: Failed to load configuration file: ./config/joola.io.engine.server.json
Error: Failed to load configuration file: ./config/joola.io.engine.server.json
    at joola.config.add.callback (/home/orw/dev/joola.io.example/node_modules/joola.io/node_modules/joola.io.engine/joola.io.engine.js:67:23)
    at IncomingMessage.<anonymous> (/home/orw/dev/joola.io.example/node_modules/joola.io/node_modules/joola.io.engine/node_modules/nconf-http/lib/nconf-http.js:73:23)
    at IncomingMessage.EventEmitter.emit (events.js:117:20)
    at _stream_readable.js:920:16
    at process._tickCallback (node.js:415:13)
[18006] 2013-11-18 14:07:57, 211 ms - [32minfo[39m: Starting joola.io Engine, version 3.2.7...
ERR1
FATAL EXCEPTION: Failed to load configuration file: ./config/joola.io.engine.server.json
Error: Failed to load configuration file: ./config/joola.io.engine.server.json
    at joola.config.add.callback (/home/orw/dev/joola.io.example/node_modules/joola.io/node_modules/joola.io.engine/joola.io.engine.js:67:23)
    at IncomingMessage.<anonymous> (/home/orw/dev/joola.io.example/node_modules/joola.io/node_modules/joola.io.engine/node_modules/nconf-http/lib/nconf-http.js:73:23)
    at IncomingMessage.EventEmitter.emit (events.js:117:20)
    at _stream_readable.js:920:16
    at process._tickCallback (node.js:415:13)
[18064] 2013-11-18 14:07:58, 203 ms - [32minfo[39m: Starting joola.io Engine, version 3.2.7...
ERR1
FATAL EXCEPTION: Failed to load configuration file: ./config/joola.io.engine.server.json
Error: Failed to load configuration file: ./config/joola.io.engine.server.json
    at joola.config.add.callback (/home/orw/dev/joola.io.example/node_modules/joola.io/node_modules/joola.io.engine/joola.io.engine.js:67:23)
    at IncomingMessage.<anonymous> (/home/orw/dev/joola.io.example/node_modules/joola.io/node_modules/joola.io.engine/node_modules/nconf-http/lib/nconf-http.js:73:23)
    at IncomingMessage.EventEmitter.emit (events.js:117:20)
    at _stream_readable.js:920:16
    at process._tickCallback (node.js:415:13)
[18094] 2013-11-18 14:07:58, 205 ms - [32minfo[39m: Starting joola.io Engine, version 3.2.7...
ERR1
FATAL EXCEPTION: Failed to load configuration file: ./config/joola.io.engine.server.json
Error: Failed to load configuration file: ./config/joola.io.engine.server.json
    at joola.config.add.callback (/home/orw/dev/joola.io.example/node_modules/joola.io/node_modules/joola.io.engine/joola.io.engine.js:67:23)
    at IncomingMessage.<anonymous> (/home/orw/dev/joola.io.example/node_modules/joola.io/node_modules/joola.io.engine/node_modules/nconf-http/lib/nconf-http.js:73:23)
    at IncomingMessage.EventEmitter.emit (events.js:117:20)
    at _stream_readable.js:920:16
    at process._tickCallback (node.js:415:13)
[18124] 2013-11-18 14:07:59, 204 ms - [32minfo[39m: Starting joola.io Engine, version 3.2.7...
ERR1
FATAL EXCEPTION: Failed to load configuration file: ./config/joola.io.engine.server.json
Error: Failed to load configuration file: ./config/joola.io.engine.server.json
    at joola.config.add.callback (/home/orw/dev/joola.io.example/node_modules/joola.io/node_modules/joola.io.engine/joola.io.engine.js:67:23)
    at IncomingMessage.<anonymous> (/home/orw/dev/joola.io.example/node_modules/joola.io/node_modules/joola.io.engine/node_modules/nconf-http/lib/nconf-http.js:73:23)
    at IncomingMessage.EventEmitter.emit (events.js:117:20)
    at _stream_readable.js:920:16
    at process._tickCallback (node.js:415:13)
[18151] 2013-11-18 14:07:59, 276 ms - [32minfo[39m: Starting joola.io Engine, version 3.2.7...
ERR1
FATAL EXCEPTION: Failed to load configuration file: ./config/joola.io.engine.server.json
Error: Failed to load configuration file: ./config/joola.io.engine.server.json
    at joola.config.add.callback (/home/orw/dev/joola.io.example/node_modules/joola.io/node_modules/joola.io.engine/joola.io.engine.js:67:23)
    at IncomingMessage.<anonymous> (/home/orw/dev/joola.io.example/node_modules/joola.io/node_modules/joola.io.engine/node_modules/nconf-http/lib/nconf-http.js:73:23)
    at IncomingMessage.EventEmitter.emit (events.js:117:20)
    at _stream_readable.js:920:16
    at process._tickCallback (node.js:415:13)
[18234] 2013-11-18 14:10:01, 212 ms - [32minfo[39m: Starting joola.io Engine, version 3.2.7...
ERR1
FATAL EXCEPTION: Failed to load configuration file: ./config/joola.io.engine.server.json
Error: Failed to load configuration file: ./config/joola.io.engine.server.json
    at joola.config.add.callback (/home/orw/dev/joola.io.example/node_modules/joola.io/node_modules/joola.io.engine/joola.io.engine.js:67:23)
    at IncomingMessage.<anonymous> (/home/orw/dev/joola.io.example/node_modules/joola.io/node_modules/joola.io.engine/node_modules/nconf-http/lib/nconf-http.js:73:23)
    at IncomingMessage.EventEmitter.emit (events.js:117:20)
    at _stream_readable.js:920:16
    at process._tickCallback (node.js:415:13)
[18293] 2013-11-18 14:10:01, 213 ms - [32minfo[39m: Starting joola.io Engine, version 3.2.7...
ERR1
FATAL EXCEPTION: Failed to load configuration file: ./config/joola.io.engine.server.json
Error: Failed to load configuration file: ./config/joola.io.engine.server.json
    at joola.config.add.callback (/home/orw/dev/joola.io.example/node_modules/joola.io/node_modules/joola.io.engine/joola.io.engine.js:67:23)
    at IncomingMessage.<anonymous> (/home/orw/dev/joola.io.example/node_modules/joola.io/node_modules/joola.io.engine/node_modules/nconf-http/lib/nconf-http.js:73:23)
    at IncomingMessage.EventEmitter.emit (events.js:117:20)
    at _stream_readable.js:920:16
    at process._tickCallback (node.js:415:13)
[18328] 2013-11-18 14:10:01, 222 ms - [32minfo[39m: Starting joola.io Engine, version 3.2.7...
ERR1
FATAL EXCEPTION: Failed to load configuration file: ./config/joola.io.engine.server.json
Error: Failed to load configuration file: ./config/joola.io.engine.server.json
    at joola.config.add.callback (/home/orw/dev/joola.io.example/node_modules/joola.io/node_modules/joola.io.engine/joola.io.engine.js:67:23)
    at IncomingMessage.<anonymous> (/home/orw/dev/joola.io.example/node_modules/joola.io/node_modules/joola.io.engine/node_modules/nconf-http/lib/nconf-http.js:73:23)
    at IncomingMessage.EventEmitter.emit (events.js:117:20)
    at _stream_readable.js:920:16
    at process._tickCallback (node.js:415:13)
[18426] 2013-11-18 14:10:02, 206 ms - [32minfo[39m: Starting joola.io Engine, version 3.2.7...
ERR1
FATAL EXCEPTION: Failed to load configuration file: ./config/joola.io.engine.server.json
Error: Failed to load configuration file: ./config/joola.io.engine.server.json
    at joola.config.add.callback (/home/orw/dev/joola.io.example/node_modules/joola.io/node_modules/joola.io.engine/joola.io.engine.js:67:23)
    at IncomingMessage.<anonymous> (/home/orw/dev/joola.io.example/node_modules/joola.io/node_modules/joola.io.engine/node_modules/nconf-http/lib/nconf-http.js:73:23)
    at IncomingMessage.EventEmitter.emit (events.js:117:20)
    at _stream_readable.js:920:16
    at process._tickCallback (node.js:415:13)
[18485] 2013-11-18 14:10:02, 212 ms - [32minfo[39m: Starting joola.io Engine, version 3.2.7...
ERR1
FATAL EXCEPTION: Failed to load configuration file: ./config/joola.io.engine.server.json
Error: Failed to load configuration file: ./config/joola.io.engine.server.json
    at joola.config.add.callback (/home/orw/dev/joola.io.example/node_modules/joola.io/node_modules/joola.io.engine/joola.io.engine.js:67:23)
    at IncomingMessage.<anonymous> (/home/orw/dev/joola.io.example/node_modules/joola.io/node_modules/joola.io.engine/node_modules/nconf-http/lib/nconf-http.js:73:23)
    at IncomingMessage.EventEmitter.emit (events.js:117:20)
    at _stream_readable.js:920:16
    at process._tickCallback (node.js:415:13)
[18560] 2013-11-18 14:10:03, 208 ms - [32minfo[39m: Starting joola.io Engine, version 3.2.7...
ERR1
FATAL EXCEPTION: Failed to load configuration file: ./config/joola.io.engine.server.json
Error: Failed to load configuration file: ./config/joola.io.engine.server.json
    at joola.config.add.callback (/home/orw/dev/joola.io.example/node_modules/joola.io/node_modules/joola.io.engine/joola.io.engine.js:67:23)
    at IncomingMessage.<anonymous> (/home/orw/dev/joola.io.example/node_modules/joola.io/node_modules/joola.io.engine/node_modules/nconf-http/lib/nconf-http.js:73:23)
    at IncomingMessage.EventEmitter.emit (events.js:117:20)
    at _stream_readable.js:920:16
    at process._tickCallback (node.js:415:13)
[18617] 2013-11-18 14:10:03, 209 ms - [32minfo[39m: Starting joola.io Engine, version 3.2.7...
ERR1
FATAL EXCEPTION: Failed to load configuration file: ./config/joola.io.engine.server.json
Error: Failed to load configuration file: ./config/joola.io.engine.server.json
    at joola.config.add.callback (/home/orw/dev/joola.io.example/node_modules/joola.io/node_modules/joola.io.engine/joola.io.engine.js:67:23)
    at IncomingMessage.<anonymous> (/home/orw/dev/joola.io.example/node_modules/joola.io/node_modules/joola.io.engine/node_modules/nconf-http/lib/nconf-http.js:73:23)
    at IncomingMessage.EventEmitter.emit (events.js:117:20)
    at _stream_readable.js:920:16
    at process._tickCallback (node.js:415:13)
[18695] 2013-11-18 14:10:03, 208 ms - [32minfo[39m: Starting joola.io Engine, version 3.2.7...
ERR1
FATAL EXCEPTION: Failed to load configuration file: ./config/joola.io.engine.server.json
Error: Failed to load configuration file: ./config/joola.io.engine.server.json
    at joola.config.add.callback (/home/orw/dev/joola.io.example/node_modules/joola.io/node_modules/joola.io.engine/joola.io.engine.js:67:23)
    at IncomingMessage.<anonymous> (/home/orw/dev/joola.io.example/node_modules/joola.io/node_modules/joola.io.engine/node_modules/nconf-http/lib/nconf-http.js:73:23)
    at IncomingMessage.EventEmitter.emit (events.js:117:20)
    at _stream_readable.js:920:16
    at process._tickCallback (node.js:415:13)
[18749] 2013-11-18 14:10:04, 207 ms - [32minfo[39m: Starting joola.io Engine, version 3.2.7...
ERR1
FATAL EXCEPTION: Failed to load configuration file: ./config/joola.io.engine.server.json
Error: Failed to load configuration file: ./config/joola.io.engine.server.json
    at joola.config.add.callback (/home/orw/dev/joola.io.example/node_modules/joola.io/node_modules/joola.io.engine/joola.io.engine.js:67:23)
    at IncomingMessage.<anonymous> (/home/orw/dev/joola.io.example/node_modules/joola.io/node_modules/joola.io.engine/node_modules/nconf-http/lib/nconf-http.js:73:23)
    at IncomingMessage.EventEmitter.emit (events.js:117:20)
    at _stream_readable.js:920:16
    at process._tickCallback (node.js:415:13)
[18827] 2013-11-18 14:10:04, 215 ms - [32minfo[39m: Starting joola.io Engine, version 3.2.7...
ERR1
FATAL EXCEPTION: Failed to load configuration file: ./config/joola.io.engine.server.json
Error: Failed to load configuration file: ./config/joola.io.engine.server.json
    at joola.config.add.callback (/home/orw/dev/joola.io.example/node_modules/joola.io/node_modules/joola.io.engine/joola.io.engine.js:67:23)
    at IncomingMessage.<anonymous> (/home/orw/dev/joola.io.example/node_modules/joola.io/node_modules/joola.io.engine/node_modules/nconf-http/lib/nconf-http.js:73:23)
    at IncomingMessage.EventEmitter.emit (events.js:117:20)
    at _stream_readable.js:920:16
    at process._tickCallback (node.js:415:13)
[18937] 2013-11-18 14:11:23, 213 ms - [32minfo[39m: Starting joola.io Engine, version 3.2.7...
[18937] 2013-11-18 14:11:23, 3 ms - [32minfo[39m: Loaded server config version 0.0.2
[18937] 2013-11-18 14:11:23, 0 ms - [32minfo[39m: Loaded auth config version 0.0.2
[18937] 2013-11-18 14:11:23, 0 ms - [32minfo[39m: Loaded integration config version 0.0.3
[18937] 2013-11-18 14:11:23, 1 ms - [32minfo[39m: Loaded content config version 0.0.2
[18937] 2013-11-18 14:11:25, 1915 ms - [32minfo[39m: connected to redis @ db.joola.io:6379 on DB #4
[18937] 2013-11-18 14:11:26, 473 ms - [32minfo[39m: Preflight checks done, starting engine...
[18937] 2013-11-18 14:11:26, 64 ms - [32minfo[39m: Control port running on port 60004
[18937] 2013-11-18 14:11:26, 0 ms - [32minfo[39m: Joola Analytics HTTP server listening on port 40004
[18937] 2013-11-18 14:11:26, 1 ms - [32minfo[39m: joole.io Engine started!
[18937] 2013-11-18 14:11:28, 2584 ms - [32minfo[39m: Cache ready!
[19119] 2013-11-18 14:12:35, 214 ms - [32minfo[39m: Starting joola.io Engine, version 3.2.7...
[19163] 2013-11-18 14:12:36, 206 ms - [32minfo[39m: Starting joola.io Engine, version 3.2.7...
[19189] 2013-11-18 14:12:36, 207 ms - [32minfo[39m: Starting joola.io Engine, version 3.2.7...
[19228] 2013-11-18 14:12:36, 210 ms - [32minfo[39m: Starting joola.io Engine, version 3.2.7...
[19268] 2013-11-18 14:12:37, 209 ms - [32minfo[39m: Starting joola.io Engine, version 3.2.7...
[19304] 2013-11-18 14:12:37, 211 ms - [32minfo[39m: Starting joola.io Engine, version 3.2.7...
[19346] 2013-11-18 14:12:38, 206 ms - [32minfo[39m: Starting joola.io Engine, version 3.2.7...
[19382] 2013-11-18 14:12:38, 209 ms - [32minfo[39m: Starting joola.io Engine, version 3.2.7...
[19403] 2013-11-18 14:12:38, 211 ms - [32minfo[39m: Starting joola.io Engine, version 3.2.7...
[19455] 2013-11-18 14:12:39, 208 ms - [32minfo[39m: Starting joola.io Engine, version 3.2.7...
[19493] 2013-11-18 14:12:39, 205 ms - [32minfo[39m: Starting joola.io Engine, version 3.2.7...
[19529] 2013-11-18 14:12:40, 206 ms - [32minfo[39m: Starting joola.io Engine, version 3.2.7...
[19587] 2013-11-18 14:13:26, 211 ms - [32minfo[39m: Starting joola.io Engine, version 3.2.7...
[19628] 2013-11-18 14:13:26, 211 ms - [32minfo[39m: Starting joola.io Engine, version 3.2.7...
[19679] 2013-11-18 14:13:27, 211 ms - [32minfo[39m: Starting joola.io Engine, version 3.2.7...
[19746] 2013-11-18 14:13:27, 212 ms - [32minfo[39m: Starting joola.io Engine, version 3.2.7...
[19800] 2013-11-18 14:13:28, 214 ms - [32minfo[39m: Starting joola.io Engine, version 3.2.7...
[19872] 2013-11-18 14:13:28, 215 ms - [32minfo[39m: Starting joola.io Engine, version 3.2.7...
[19916] 2013-11-18 14:13:28, 207 ms - [32minfo[39m: Starting joola.io Engine, version 3.2.7...
[19981] 2013-11-18 14:13:29, 207 ms - [32minfo[39m: Starting joola.io Engine, version 3.2.7...
[20024] 2013-11-18 14:13:29, 211 ms - [32minfo[39m: Starting joola.io Engine, version 3.2.7...
[20063] 2013-11-18 14:13:30, 208 ms - [32minfo[39m: Starting joola.io Engine, version 3.2.7...
[20129] 2013-11-18 14:13:30, 207 ms - [32minfo[39m: Starting joola.io Engine, version 3.2.7...
[20185] 2013-11-18 14:13:30, 208 ms - [32minfo[39m: Starting joola.io Engine, version 3.2.7...
[20204] 2013-11-18 14:13:31, 206 ms - [32minfo[39m: Starting joola.io Engine, version 3.2.7...
[20230] 2013-11-18 14:13:31, 201 ms - [32minfo[39m: Starting joola.io Engine, version 3.2.7...
[20244] 2013-11-18 14:13:32, 206 ms - [32minfo[39m: Starting joola.io Engine, version 3.2.7...
[21739] 2013-11-18 15:05:29, 213 ms - [32minfo[39m: Starting joola.io Engine, version 3.2.7...
[21782] 2013-11-18 15:05:29, 212 ms - [32minfo[39m: Starting joola.io Engine, version 3.2.7...
[21816] 2013-11-18 15:05:30, 217 ms - [32minfo[39m: Starting joola.io Engine, version 3.2.7...
[21906] 2013-11-18 15:05:30, 214 ms - [32minfo[39m: Starting joola.io Engine, version 3.2.7...
[21941] 2013-11-18 15:05:31, 207 ms - [32minfo[39m: Starting joola.io Engine, version 3.2.7...
[22014] 2013-11-18 15:05:31, 218 ms - [32minfo[39m: Starting joola.io Engine, version 3.2.7...
[22056] 2013-11-18 15:05:31, 206 ms - [32minfo[39m: Starting joola.io Engine, version 3.2.7...
[22122] 2013-11-18 15:05:32, 207 ms - [32minfo[39m: Starting joola.io Engine, version 3.2.7...
[22159] 2013-11-18 15:05:32, 211 ms - [32minfo[39m: Starting joola.io Engine, version 3.2.7...
[22205] 2013-11-18 15:05:32, 212 ms - [32minfo[39m: Starting joola.io Engine, version 3.2.7...
[22303] 2013-11-18 15:06:27, 211 ms - [32minfo[39m: Starting joola.io Engine, version 3.2.7...
[22344] 2013-11-18 15:06:27, 207 ms - [32minfo[39m: Starting joola.io Engine, version 3.2.7...
[22374] 2013-11-18 15:06:28, 210 ms - [32minfo[39m: Starting joola.io Engine, version 3.2.7...
[22452] 2013-11-18 15:06:28, 208 ms - [32minfo[39m: Starting joola.io Engine, version 3.2.7...
[22487] 2013-11-18 15:06:28, 207 ms - [32minfo[39m: Starting joola.io Engine, version 3.2.7...
[22566] 2013-11-18 15:06:29, 207 ms - [32minfo[39m: Starting joola.io Engine, version 3.2.7...
[22598] 2013-11-18 15:06:29, 209 ms - [32minfo[39m: Starting joola.io Engine, version 3.2.7...
[22651] 2013-11-18 15:06:30, 219 ms - [32minfo[39m: Starting joola.io Engine, version 3.2.7...
[22718] 2013-11-18 15:06:30, 209 ms - [32minfo[39m: Starting joola.io Engine, version 3.2.7...
[22770] 2013-11-18 15:06:30, 224 ms - [32minfo[39m: Starting joola.io Engine, version 3.2.7...
[22832] 2013-11-18 15:06:31, 206 ms - [32minfo[39m: Starting joola.io Engine, version 3.2.7...
[22882] 2013-11-18 15:06:31, 202 ms - [32minfo[39m: Starting joola.io Engine, version 3.2.7...
[22904] 2013-11-18 15:06:32, 206 ms - [32minfo[39m: Starting joola.io Engine, version 3.2.7...
[22927] 2013-11-18 15:06:32, 204 ms - [32minfo[39m: Starting joola.io Engine, version 3.2.7...
[22952] 2013-11-18 15:06:32, 207 ms - [32minfo[39m: Starting joola.io Engine, version 3.2.7...
[23033] 2013-11-18 15:07:37, 215 ms - [32minfo[39m: Starting joola.io Engine, version 3.2.7...
[23124] 2013-11-18 15:07:37, 205 ms - [32minfo[39m: Starting joola.io Engine, version 3.2.7...
[23138] 2013-11-18 15:07:38, 215 ms - [32minfo[39m: Starting joola.io Engine, version 3.2.7...
[23162] 2013-11-18 15:07:38, 210 ms - [32minfo[39m: Starting joola.io Engine, version 3.2.7...
[23186] 2013-11-18 15:07:38, 205 ms - [32minfo[39m: Starting joola.io Engine, version 3.2.7...
[23205] 2013-11-18 15:07:39, 204 ms - [32minfo[39m: Starting joola.io Engine, version 3.2.7...
[23231] 2013-11-18 15:07:39, 205 ms - [32minfo[39m: Starting joola.io Engine, version 3.2.7...
[23250] 2013-11-18 15:07:40, 211 ms - [32minfo[39m: Starting joola.io Engine, version 3.2.7...
[23270] 2013-11-18 15:07:40, 206 ms - [32minfo[39m: Starting joola.io Engine, version 3.2.7...
[23295] 2013-11-18 15:07:40, 207 ms - [32minfo[39m: Starting joola.io Engine, version 3.2.7...
[23307] 2013-11-18 15:07:41, 208 ms - [32minfo[39m: Starting joola.io Engine, version 3.2.7...
[23331] 2013-11-18 15:07:41, 206 ms - [32minfo[39m: Starting joola.io Engine, version 3.2.7...
[23355] 2013-11-18 15:07:42, 203 ms - [32minfo[39m: Starting joola.io Engine, version 3.2.7...
[23368] 2013-11-18 15:07:42, 202 ms - [32minfo[39m: Starting joola.io Engine, version 3.2.7...
[23391] 2013-11-18 15:07:42, 204 ms - [32minfo[39m: Starting joola.io Engine, version 3.2.7...
[23764] 2013-11-18 15:44:24, 211 ms - [32minfo[39m: Starting joola.io Engine, version 3.2.7...
[23764] 2013-11-18 15:44:24, 3 ms - [32minfo[39m: Loaded server config version 0.0.2
[23764] 2013-11-18 15:44:24, 0 ms - [32minfo[39m: Loaded auth config version 0.0.2
[23764] 2013-11-18 15:44:24, 0 ms - [32minfo[39m: Loaded integration config version 0.0.3
[23764] 2013-11-18 15:44:24, 0 ms - [32minfo[39m: Loaded content config version 0.0.2
[23764] 2013-11-18 15:44:25, 839 ms - [32minfo[39m: connected to redis @ db.joola.io:6379 on DB #4
[23764] 2013-11-18 15:44:25, 471 ms - [32minfo[39m: Preflight checks done, starting engine...
[23764] 2013-11-18 15:44:25, 64 ms - [32minfo[39m: Control port running on port 60004
[23764] 2013-11-18 15:44:25, 1 ms - [32minfo[39m: Joola Analytics HTTP server listening on port 40004
[23764] 2013-11-18 15:44:25, 0 ms - [32minfo[39m: joole.io Engine started!
[23764] 2013-11-18 15:44:28, 2965 ms - [32minfo[39m: Cache ready!
[23764] 2013-11-18 15:44:30, 1590 ms - [32minfo[39m: Cache pre-load completed.
